<?xml version="1.0" encoding="UTF-8"?>
<!-- Generated by org.testng.reporters.JUnitXMLReporter -->
<testsuite ignored="9" hostname="DESKTOP-1GI3NUO" failures="0" tests="1" name="Default test" time="0.054" errors="0" timestamp="2024-12-13T16:56:43 IST">
  <testcase classname="Test.Example.sort" name="converToStringToInteger" time="0.011"/>
  <testcase classname="Test.Example.sort" name="sortArray" time="0.0">
    <ignored/>
  </testcase> <!-- sortArray -->
  <testcase classname="Test.Example.sort" name="appendTextCount" time="0.0">
    <ignored/>
  </testcase> <!-- appendTextCount -->
  <testcase classname="Test.Example.sort" name="getMostrepetedProduct" time="0.0">
    <ignored/>
  </testcase> <!-- getMostrepetedProduct -->
  <testcase classname="Test.Example.sort" name="letterCount" time="0.0">
    <ignored/>
  </testcase> <!-- letterCount -->
  <testcase classname="Test.Example.sort" name="sentenceReverse" time="0.0">
    <ignored/>
  </testcase> <!-- sentenceReverse -->
  <testcase classname="Test.Example.sort" name="palindromString" time="0.0">
    <ignored/>
  </testcase> <!-- palindromString -->
  <testcase classname="Test.Example.sort" name="sumoftheNumber" time="0.0">
    <ignored/>
  </testcase> <!-- sumoftheNumber -->
  <testcase classname="Test.Example.sort" name="intTest" time="0.0">
    <ignored/>
  </testcase> <!-- intTest -->
  <testcase classname="Test.Example.sort" name="checkTwoArraysAreEqual" time="0.0">
    <ignored/>
  </testcase> <!-- checkTwoArraysAreEqual -->
</testsuite> <!-- Default test -->
