<?xml version="1.0" encoding="UTF-8"?>
<testng-results ignored="0" total="1" passed="1" failed="0" skipped="0">
  <reporter-output>
  </reporter-output>
  <suite started-at="2024-12-13T16:56:43 IST" name="Default suite" finished-at="2024-12-13T16:56:43 IST" duration-ms="54">
    <groups>
    </groups>
    <test started-at="2024-12-13T16:56:43 IST" name="Default test" finished-at="2024-12-13T16:56:43 IST" duration-ms="54">
      <class name="Test.Example.sort">
        <test-method signature="converToStringToInteger()[pri:0, instance:Test.Example.sort@470734c3]" started-at="2024-12-13T16:56:43 IST" name="converToStringToInteger" finished-at="2024-12-13T16:56:43 IST" duration-ms="11" status="PASS">
          <reporter-output>
          </reporter-output>
        </test-method> <!-- converToStringToInteger -->
      </class> <!-- Test.Example.sort -->
    </test> <!-- Default test -->
  </suite> <!-- Default suite -->
</testng-results>
